<?xml version="1.0" encoding="UTF-8"?>
<!-- Generated by org.testng.reporters.JUnitReportReporter -->
<testsuite hostname="Prasanthi" failures="0" tests="5" name="login.DWS_Login_01_Test" time="12.023" errors="0" timestamp="2023-11-02T12:26:59 IST" skipped="0">
  <testcase classname="login.DWS_Login_01_Test" name="Login_to_application_wih_valid_credentials" time="1.943"/>
  <system-out/>
  <testcase classname="login.DWS_Login_01_Test" name="Login_to_application_wih_valid_credentials" time="2.831"/>
  <system-out/>
  <testcase classname="login.DWS_Login_01_Test" name="Login_to_application_wih_valid_credentials" time="2.430"/>
  <system-out/>
  <testcase classname="login.DWS_Login_01_Test" name="Login_to_application_wih_valid_credentials" time="3.019"/>
  <system-out/>
  <testcase classname="login.DWS_Login_01_Test" name="Login_to_application_wih_valid_credentials" time="1.800"/>
  <system-out/>
</testsuite> <!-- login.DWS_Login_01_Test -->
