<?xml version="1.0" encoding="UTF-8"?>
<!-- Generated by org.testng.reporters.JUnitReportReporter -->
<testsuite hostname="Prasanthi" failures="0" tests="5" name="frameworcheckk.Excelllchec" time="0.021" errors="0" timestamp="2023-10-27T14:27:27 IST" skipped="0">
  <testcase classname="frameworcheckk.Excelllchec" name="read" time="0.010"/>
  <system-out/>
  <testcase classname="frameworcheckk.Excelllchec" name="read" time="0.002"/>
  <system-out/>
  <testcase classname="frameworcheckk.Excelllchec" name="read" time="0.004"/>
  <system-out/>
  <testcase classname="frameworcheckk.Excelllchec" name="read" time="0.001"/>
  <system-out/>
  <testcase classname="frameworcheckk.Excelllchec" name="read" time="0.004"/>
  <system-out/>
</testsuite> <!-- frameworcheckk.Excelllchec -->
