<?xml version="1.0" encoding="UTF-8"?>
<!-- Generated by org.testng.reporters.JUnitReportReporter -->
<testsuite hostname="Prasanthi" failures="0" tests="1" name="login.DWS_ProducttoCart_03_Test" time="2.087" errors="0" timestamp="2023-11-02T15:05:34 IST" skipped="0">
  <testcase classname="login.DWS_ProducttoCart_03_Test" name="add_products_to_cart" time="2.087"/>
  <system-out/>
</testsuite> <!-- login.DWS_ProducttoCart_03_Test -->
