<?xml version="1.0" encoding="UTF-8"?>
<!-- Generated by org.testng.reporters.JUnitReportReporter -->
<testsuite hostname="Prasanthi" failures="0" tests="1" name="login.DWS_Regiter_02_Test" time="2.549" errors="0" timestamp="2023-10-31T21:56:04 IST" skipped="0">
  <testcase classname="login.DWS_Regiter_02_Test" name="regiter_to_application_with_valid_credentials" time="2.549"/>
  <system-out/>
</testsuite> <!-- login.DWS_Regiter_02_Test -->
