<?xml version="1.0" encoding="UTF-8"?>
<!-- Generated by org.testng.reporters.JUnitReportReporter -->
<testsuite hostname="Prasanthi" failures="0" tests="1" name="login.Remove_Desktop_Products" time="6.797" errors="0" timestamp="2023-11-01T20:42:33 IST" skipped="0">
  <testcase classname="login.Remove_Desktop_Products" name="Remove_to_compare" time="6.797"/>
  <system-out/>
</testsuite> <!-- login.Remove_Desktop_Products -->
